TN:
SF:/Users/kuldeepkeshwar/ui_workspace/ui-grid/app/scripts/app.js
FN:2,(anonymous_1)
FN:3,simpleFilterFn
FN:12,simpleSortFn
FN:15,(anonymous_4)
FN:23,GridFilter
FN:30,GridSorter
FN:37,isRemoteGrid
FN:40,Grid
FN:50,(anonymous_9)
FN:63,(anonymous_10)
FN:67,(anonymous_11)
FN:71,(anonymous_12)
FN:73,watcher
FN:75,(anonymous_14)
FN:77,(anonymous_15)
FN:88,(anonymous_16)
FN:90,(anonymous_17)
FN:96,(anonymous_18)
FN:114,(anonymous_19)
FN:120,(anonymous_20)
FN:125,(anonymous_21)
FN:140,(anonymous_22)
FN:146,(anonymous_23)
FN:149,(anonymous_24)
FN:155,(anonymous_25)
FN:166,(anonymous_26)
FN:175,(anonymous_27)
FN:181,(anonymous_28)
FN:184,(anonymous_29)
FN:189,GridPager
FN:195,(anonymous_31)
FN:205,(anonymous_32)
FN:212,RemoteGridFilter
FN:218,RemoteGridSorter
FN:224,RemoteGrid
FN:231,(anonymous_36)
FN:235,(anonymous_37)
FN:238,(anonymous_38)
FN:247,(anonymous_39)
FN:254,(anonymous_40)
FN:261,(anonymous_41)
FN:265,(anonymous_42)
FN:270,(anonymous_43)
FN:283,(anonymous_44)
FN:289,(anonymous_45)
FN:307,(anonymous_46)
FN:315,(anonymous_47)
FN:319,(anonymous_48)
FN:327,(anonymous_49)
FN:328,defaults
FN:367,(anonymous_51)
FN:371,(anonymous_52)
FN:374,(anonymous_53)
FN:377,(anonymous_54)
FN:380,(anonymous_55)
FN:383,(anonymous_56)
FN:386,(anonymous_57)
FN:393,(anonymous_58)
FN:402,(anonymous_59)
FN:411,(anonymous_60)
FN:416,(anonymous_61)
FN:424,(anonymous_62)
FN:432,(anonymous_63)
FN:437,(anonymous_64)
FN:444,(anonymous_65)
FN:452,(anonymous_66)
FN:457,(anonymous_67)
FN:468,(anonymous_68)
FN:470,preLink
FNF:69
FNH:1
FNDA:1,(anonymous_1)
FNDA:0,simpleFilterFn
FNDA:0,simpleSortFn
FNDA:0,(anonymous_4)
FNDA:0,GridFilter
FNDA:0,GridSorter
FNDA:0,isRemoteGrid
FNDA:0,Grid
FNDA:0,(anonymous_9)
FNDA:0,(anonymous_10)
FNDA:0,(anonymous_11)
FNDA:0,(anonymous_12)
FNDA:0,watcher
FNDA:0,(anonymous_14)
FNDA:0,(anonymous_15)
FNDA:0,(anonymous_16)
FNDA:0,(anonymous_17)
FNDA:0,(anonymous_18)
FNDA:0,(anonymous_19)
FNDA:0,(anonymous_20)
FNDA:0,(anonymous_21)
FNDA:0,(anonymous_22)
FNDA:0,(anonymous_23)
FNDA:0,(anonymous_24)
FNDA:0,(anonymous_25)
FNDA:0,(anonymous_26)
FNDA:0,(anonymous_27)
FNDA:0,(anonymous_28)
FNDA:0,(anonymous_29)
FNDA:0,GridPager
FNDA:0,(anonymous_31)
FNDA:0,(anonymous_32)
FNDA:0,RemoteGridFilter
FNDA:0,RemoteGridSorter
FNDA:0,RemoteGrid
FNDA:0,(anonymous_36)
FNDA:0,(anonymous_37)
FNDA:0,(anonymous_38)
FNDA:0,(anonymous_39)
FNDA:0,(anonymous_40)
FNDA:0,(anonymous_41)
FNDA:0,(anonymous_42)
FNDA:0,(anonymous_43)
FNDA:0,(anonymous_44)
FNDA:0,(anonymous_45)
FNDA:0,(anonymous_46)
FNDA:0,(anonymous_47)
FNDA:0,(anonymous_48)
FNDA:0,(anonymous_49)
FNDA:0,defaults
FNDA:0,(anonymous_51)
FNDA:0,(anonymous_52)
FNDA:0,(anonymous_53)
FNDA:0,(anonymous_54)
FNDA:0,(anonymous_55)
FNDA:0,(anonymous_56)
FNDA:0,(anonymous_57)
FNDA:0,(anonymous_58)
FNDA:0,(anonymous_59)
FNDA:0,(anonymous_60)
FNDA:0,(anonymous_61)
FNDA:0,(anonymous_62)
FNDA:0,(anonymous_63)
FNDA:0,(anonymous_64)
FNDA:0,(anonymous_65)
FNDA:0,(anonymous_66)
FNDA:0,(anonymous_67)
FNDA:0,(anonymous_68)
FNDA:0,preLink
DA:2,1
DA:3,1
DA:4,0
DA:5,0
DA:6,0
DA:7,0
DA:8,0
DA:12,1
DA:13,0
DA:14,0
DA:15,0
DA:16,0
DA:17,0
DA:19,0
DA:23,1
DA:24,0
DA:30,1
DA:31,0
DA:37,1
DA:38,0
DA:40,1
DA:41,0
DA:42,0
DA:43,0
DA:44,0
DA:45,0
DA:46,0
DA:47,0
DA:50,1
DA:51,0
DA:52,0
DA:53,0
DA:54,0
DA:55,0
DA:56,0
DA:57,0
DA:58,0
DA:59,0
DA:63,1
DA:64,0
DA:65,0
DA:66,0
DA:67,0
DA:68,0
DA:71,1
DA:72,0
DA:73,1
DA:74,0
DA:75,0
DA:76,0
DA:78,0
DA:79,0
DA:83,0
DA:84,0
DA:85,0
DA:86,0
DA:87,0
DA:88,0
DA:89,0
DA:91,0
DA:92,0
DA:94,0
DA:95,0
DA:96,0
DA:97,0
DA:99,0
DA:100,0
DA:101,0
DA:102,0
DA:103,0
DA:105,0
DA:108,0
DA:109,0
DA:110,0
DA:111,0
DA:114,1
DA:115,0
DA:116,0
DA:117,0
DA:118,0
DA:119,0
DA:120,0
DA:121,0
DA:125,1
DA:126,0
DA:127,0
DA:128,0
DA:129,0
DA:130,0
DA:131,0
DA:132,0
DA:134,0
DA:136,0
DA:137,0
DA:138,0
DA:140,1
DA:141,0
DA:142,0
DA:143,0
DA:146,1
DA:147,0
DA:148,0
DA:149,0
DA:150,0
DA:151,0
DA:155,1
DA:156,0
DA:157,0
DA:158,0
DA:159,0
DA:160,0
DA:161,0
DA:162,0
DA:163,0
DA:166,1
DA:167,0
DA:168,0
DA:169,0
DA:170,0
DA:171,0
DA:173,0
DA:175,1
DA:176,0
DA:177,0
DA:178,0
DA:181,1
DA:182,0
DA:184,1
DA:185,0
DA:189,1
DA:190,0
DA:191,0
DA:192,0
DA:193,0
DA:195,1
DA:196,0
DA:197,0
DA:199,0
DA:200,0
DA:202,0
DA:205,1
DA:206,0
DA:207,0
DA:209,0
DA:212,1
DA:213,0
DA:218,1
DA:219,0
DA:224,1
DA:225,0
DA:226,0
DA:227,0
DA:228,0
DA:229,0
DA:230,0
DA:231,0
DA:232,0
DA:235,1
DA:236,0
DA:238,1
DA:239,0
DA:240,0
DA:241,0
DA:242,0
DA:243,0
DA:247,1
DA:248,0
DA:249,0
DA:252,0
DA:254,1
DA:255,0
DA:256,0
DA:258,0
DA:260,1
DA:261,1
DA:262,0
DA:263,0
DA:265,1
DA:266,0
DA:267,0
DA:268,0
DA:270,1
DA:271,0
DA:272,0
DA:273,0
DA:274,0
DA:275,0
DA:277,0
DA:279,0
DA:280,0
DA:283,1
DA:284,0
DA:285,0
DA:286,0
DA:289,1
DA:290,0
DA:291,0
DA:292,0
DA:296,0
DA:299,0
DA:300,0
DA:302,0
DA:303,0
DA:305,0
DA:307,1
DA:308,0
DA:309,0
DA:310,0
DA:311,0
DA:312,0
DA:313,0
DA:315,0
DA:316,0
DA:317,0
DA:318,0
DA:320,0
DA:321,0
DA:322,0
DA:323,0
DA:327,1
DA:328,1
DA:329,0
DA:340,0
DA:344,0
DA:347,0
DA:348,0
DA:350,0
DA:351,0
DA:352,0
DA:354,0
DA:355,0
DA:356,0
DA:357,0
DA:362,0
DA:364,0
DA:368,0
DA:369,0
DA:371,0
DA:372,0
DA:374,0
DA:375,0
DA:377,0
DA:378,0
DA:380,0
DA:381,0
DA:383,0
DA:384,0
DA:386,0
DA:387,0
DA:389,0
DA:390,0
DA:391,0
DA:393,0
DA:394,0
DA:395,0
DA:396,0
DA:397,0
DA:402,0
DA:403,0
DA:411,1
DA:412,0
DA:417,0
DA:418,0
DA:419,0
DA:420,0
DA:421,0
DA:423,0
DA:424,0
DA:425,0
DA:426,0
DA:432,1
DA:433,0
DA:438,0
DA:439,0
DA:440,0
DA:441,0
DA:442,0
DA:444,0
DA:445,0
DA:446,0
DA:447,0
DA:452,1
DA:453,0
DA:454,0
DA:458,0
DA:459,0
DA:460,0
DA:461,0
DA:462,0
DA:463,0
DA:464,0
DA:469,0
DA:471,0
DA:478,1
DA:479,1
DA:480,1
DA:481,1
DA:482,1
LF:298
LH:47
BRDA:7,1,0,0
BRDA:7,1,1,0
BRDA:7,2,0,0
BRDA:7,2,1,0
BRDA:16,3,0,0
BRDA:16,3,1,0
BRDA:19,4,0,0
BRDA:19,4,1,0
BRDA:52,5,0,0
BRDA:52,5,1,0
BRDA:56,6,0,0
BRDA:56,6,1,0
BRDA:74,7,0,0
BRDA:74,7,1,0
BRDA:86,8,0,0
BRDA:86,8,1,0
BRDA:94,9,0,0
BRDA:94,9,1,0
BRDA:99,10,0,0
BRDA:99,10,1,0
BRDA:102,11,0,0
BRDA:102,11,1,0
BRDA:116,12,0,0
BRDA:116,12,1,0
BRDA:129,13,0,0
BRDA:129,13,1,0
BRDA:131,14,0,0
BRDA:131,14,1,0
BRDA:137,15,0,0
BRDA:137,15,1,0
BRDA:141,16,0,0
BRDA:141,16,1,0
BRDA:141,17,0,0
BRDA:141,17,1,0
BRDA:150,18,0,0
BRDA:150,18,1,0
BRDA:161,19,0,0
BRDA:161,19,1,0
BRDA:169,20,0,0
BRDA:169,20,1,0
BRDA:177,21,0,0
BRDA:177,21,1,0
BRDA:185,22,0,0
BRDA:185,22,1,0
BRDA:191,23,0,0
BRDA:191,23,1,0
BRDA:191,24,0,0
BRDA:191,24,1,0
BRDA:192,25,0,0
BRDA:192,25,1,0
BRDA:192,26,0,0
BRDA:192,26,1,0
BRDA:196,27,0,0
BRDA:196,27,1,0
BRDA:199,28,0,0
BRDA:199,28,1,0
BRDA:206,29,0,0
BRDA:206,29,1,0
BRDA:240,30,0,0
BRDA:240,30,1,0
BRDA:241,31,0,0
BRDA:241,31,1,0
BRDA:255,32,0,0
BRDA:255,32,1,0
BRDA:273,33,0,0
BRDA:273,33,1,0
BRDA:274,34,0,0
BRDA:274,34,1,0
BRDA:274,35,0,0
BRDA:274,35,1,0
BRDA:284,36,0,0
BRDA:284,36,1,0
BRDA:284,37,0,0
BRDA:284,37,1,0
BRDA:299,38,0,0
BRDA:299,38,1,0
BRDA:302,39,0,0
BRDA:302,39,1,0
BRDA:311,40,0,0
BRDA:311,40,1,0
BRDA:347,41,0,0
BRDA:347,41,1,0
BRDA:351,42,0,0
BRDA:351,42,1,0
BRDA:354,43,0,0
BRDA:354,43,1,0
BRDA:354,44,0,0
BRDA:354,44,1,0
BRDA:356,45,0,0
BRDA:356,45,1,0
BRDA:391,46,0,0
BRDA:391,46,1,0
BRDA:395,47,0,0
BRDA:395,47,1,0
BRDA:395,48,0,0
BRDA:395,48,1,0
BRDA:420,49,0,0
BRDA:420,49,1,0
BRDA:421,50,0,0
BRDA:421,50,1,0
BRDA:425,51,0,0
BRDA:425,51,1,0
BRDA:425,52,0,0
BRDA:425,52,1,0
BRDA:441,53,0,0
BRDA:441,53,1,0
BRDA:442,54,0,0
BRDA:442,54,1,0
BRF:108
BRH:0
end_of_record
