<?xml version="1.0" ?>
<!DOCTYPE coverage SYSTEM "http://cobertura.sourceforge.net/xml/coverage-04.dtd">
<coverage lines-valid="298"  lines-covered="47"  line-rate="0.1577"  branches-valid="108"  branches-covered="0"  branch-rate="0"  timestamp="1447098967213" complexity="0" version="0.1">
<sources>
	<source>/Users/kuldeepkeshwar/ui_workspace/ui-grid</source>
</sources>
<packages>
	<package name="scripts"  line-rate="0.1577"  branch-rate="0" >
	<classes>
		<class name="app.js"  filename="app/scripts/app.js"  line-rate="0.1577"  branch-rate="0" >
		<methods>
			<method name="(anonymous_1)"  hits="1"  signature="()V" >
				<lines><line number="2"  hits="1" /></lines>
			</method>
			<method name="simpleFilterFn"  hits="0"  signature="()V" >
				<lines><line number="3"  hits="0" /></lines>
			</method>
			<method name="simpleSortFn"  hits="0"  signature="()V" >
				<lines><line number="12"  hits="0" /></lines>
			</method>
			<method name="(anonymous_4)"  hits="0"  signature="()V" >
				<lines><line number="15"  hits="0" /></lines>
			</method>
			<method name="GridFilter"  hits="0"  signature="()V" >
				<lines><line number="23"  hits="0" /></lines>
			</method>
			<method name="GridSorter"  hits="0"  signature="()V" >
				<lines><line number="30"  hits="0" /></lines>
			</method>
			<method name="isRemoteGrid"  hits="0"  signature="()V" >
				<lines><line number="37"  hits="0" /></lines>
			</method>
			<method name="Grid"  hits="0"  signature="()V" >
				<lines><line number="40"  hits="0" /></lines>
			</method>
			<method name="(anonymous_9)"  hits="0"  signature="()V" >
				<lines><line number="50"  hits="0" /></lines>
			</method>
			<method name="(anonymous_10)"  hits="0"  signature="()V" >
				<lines><line number="63"  hits="0" /></lines>
			</method>
			<method name="(anonymous_11)"  hits="0"  signature="()V" >
				<lines><line number="67"  hits="0" /></lines>
			</method>
			<method name="(anonymous_12)"  hits="0"  signature="()V" >
				<lines><line number="71"  hits="0" /></lines>
			</method>
			<method name="watcher"  hits="0"  signature="()V" >
				<lines><line number="73"  hits="0" /></lines>
			</method>
			<method name="(anonymous_14)"  hits="0"  signature="()V" >
				<lines><line number="75"  hits="0" /></lines>
			</method>
			<method name="(anonymous_15)"  hits="0"  signature="()V" >
				<lines><line number="77"  hits="0" /></lines>
			</method>
			<method name="(anonymous_16)"  hits="0"  signature="()V" >
				<lines><line number="88"  hits="0" /></lines>
			</method>
			<method name="(anonymous_17)"  hits="0"  signature="()V" >
				<lines><line number="90"  hits="0" /></lines>
			</method>
			<method name="(anonymous_18)"  hits="0"  signature="()V" >
				<lines><line number="96"  hits="0" /></lines>
			</method>
			<method name="(anonymous_19)"  hits="0"  signature="()V" >
				<lines><line number="114"  hits="0" /></lines>
			</method>
			<method name="(anonymous_20)"  hits="0"  signature="()V" >
				<lines><line number="120"  hits="0" /></lines>
			</method>
			<method name="(anonymous_21)"  hits="0"  signature="()V" >
				<lines><line number="125"  hits="0" /></lines>
			</method>
			<method name="(anonymous_22)"  hits="0"  signature="()V" >
				<lines><line number="140"  hits="0" /></lines>
			</method>
			<method name="(anonymous_23)"  hits="0"  signature="()V" >
				<lines><line number="146"  hits="0" /></lines>
			</method>
			<method name="(anonymous_24)"  hits="0"  signature="()V" >
				<lines><line number="149"  hits="0" /></lines>
			</method>
			<method name="(anonymous_25)"  hits="0"  signature="()V" >
				<lines><line number="155"  hits="0" /></lines>
			</method>
			<method name="(anonymous_26)"  hits="0"  signature="()V" >
				<lines><line number="166"  hits="0" /></lines>
			</method>
			<method name="(anonymous_27)"  hits="0"  signature="()V" >
				<lines><line number="175"  hits="0" /></lines>
			</method>
			<method name="(anonymous_28)"  hits="0"  signature="()V" >
				<lines><line number="181"  hits="0" /></lines>
			</method>
			<method name="(anonymous_29)"  hits="0"  signature="()V" >
				<lines><line number="184"  hits="0" /></lines>
			</method>
			<method name="GridPager"  hits="0"  signature="()V" >
				<lines><line number="189"  hits="0" /></lines>
			</method>
			<method name="(anonymous_31)"  hits="0"  signature="()V" >
				<lines><line number="195"  hits="0" /></lines>
			</method>
			<method name="(anonymous_32)"  hits="0"  signature="()V" >
				<lines><line number="205"  hits="0" /></lines>
			</method>
			<method name="RemoteGridFilter"  hits="0"  signature="()V" >
				<lines><line number="212"  hits="0" /></lines>
			</method>
			<method name="RemoteGridSorter"  hits="0"  signature="()V" >
				<lines><line number="218"  hits="0" /></lines>
			</method>
			<method name="RemoteGrid"  hits="0"  signature="()V" >
				<lines><line number="224"  hits="0" /></lines>
			</method>
			<method name="(anonymous_36)"  hits="0"  signature="()V" >
				<lines><line number="231"  hits="0" /></lines>
			</method>
			<method name="(anonymous_37)"  hits="0"  signature="()V" >
				<lines><line number="235"  hits="0" /></lines>
			</method>
			<method name="(anonymous_38)"  hits="0"  signature="()V" >
				<lines><line number="238"  hits="0" /></lines>
			</method>
			<method name="(anonymous_39)"  hits="0"  signature="()V" >
				<lines><line number="247"  hits="0" /></lines>
			</method>
			<method name="(anonymous_40)"  hits="0"  signature="()V" >
				<lines><line number="254"  hits="0" /></lines>
			</method>
			<method name="(anonymous_41)"  hits="0"  signature="()V" >
				<lines><line number="261"  hits="0" /></lines>
			</method>
			<method name="(anonymous_42)"  hits="0"  signature="()V" >
				<lines><line number="265"  hits="0" /></lines>
			</method>
			<method name="(anonymous_43)"  hits="0"  signature="()V" >
				<lines><line number="270"  hits="0" /></lines>
			</method>
			<method name="(anonymous_44)"  hits="0"  signature="()V" >
				<lines><line number="283"  hits="0" /></lines>
			</method>
			<method name="(anonymous_45)"  hits="0"  signature="()V" >
				<lines><line number="289"  hits="0" /></lines>
			</method>
			<method name="(anonymous_46)"  hits="0"  signature="()V" >
				<lines><line number="307"  hits="0" /></lines>
			</method>
			<method name="(anonymous_47)"  hits="0"  signature="()V" >
				<lines><line number="315"  hits="0" /></lines>
			</method>
			<method name="(anonymous_48)"  hits="0"  signature="()V" >
				<lines><line number="319"  hits="0" /></lines>
			</method>
			<method name="(anonymous_49)"  hits="0"  signature="()V" >
				<lines><line number="327"  hits="0" /></lines>
			</method>
			<method name="defaults"  hits="0"  signature="()V" >
				<lines><line number="328"  hits="0" /></lines>
			</method>
			<method name="(anonymous_51)"  hits="0"  signature="()V" >
				<lines><line number="367"  hits="0" /></lines>
			</method>
			<method name="(anonymous_52)"  hits="0"  signature="()V" >
				<lines><line number="371"  hits="0" /></lines>
			</method>
			<method name="(anonymous_53)"  hits="0"  signature="()V" >
				<lines><line number="374"  hits="0" /></lines>
			</method>
			<method name="(anonymous_54)"  hits="0"  signature="()V" >
				<lines><line number="377"  hits="0" /></lines>
			</method>
			<method name="(anonymous_55)"  hits="0"  signature="()V" >
				<lines><line number="380"  hits="0" /></lines>
			</method>
			<method name="(anonymous_56)"  hits="0"  signature="()V" >
				<lines><line number="383"  hits="0" /></lines>
			</method>
			<method name="(anonymous_57)"  hits="0"  signature="()V" >
				<lines><line number="386"  hits="0" /></lines>
			</method>
			<method name="(anonymous_58)"  hits="0"  signature="()V" >
				<lines><line number="393"  hits="0" /></lines>
			</method>
			<method name="(anonymous_59)"  hits="0"  signature="()V" >
				<lines><line number="402"  hits="0" /></lines>
			</method>
			<method name="(anonymous_60)"  hits="0"  signature="()V" >
				<lines><line number="411"  hits="0" /></lines>
			</method>
			<method name="(anonymous_61)"  hits="0"  signature="()V" >
				<lines><line number="416"  hits="0" /></lines>
			</method>
			<method name="(anonymous_62)"  hits="0"  signature="()V" >
				<lines><line number="424"  hits="0" /></lines>
			</method>
			<method name="(anonymous_63)"  hits="0"  signature="()V" >
				<lines><line number="432"  hits="0" /></lines>
			</method>
			<method name="(anonymous_64)"  hits="0"  signature="()V" >
				<lines><line number="437"  hits="0" /></lines>
			</method>
			<method name="(anonymous_65)"  hits="0"  signature="()V" >
				<lines><line number="444"  hits="0" /></lines>
			</method>
			<method name="(anonymous_66)"  hits="0"  signature="()V" >
				<lines><line number="452"  hits="0" /></lines>
			</method>
			<method name="(anonymous_67)"  hits="0"  signature="()V" >
				<lines><line number="457"  hits="0" /></lines>
			</method>
			<method name="(anonymous_68)"  hits="0"  signature="()V" >
				<lines><line number="468"  hits="0" /></lines>
			</method>
			<method name="preLink"  hits="0"  signature="()V" >
				<lines><line number="470"  hits="0" /></lines>
			</method>
		</methods>
		<lines>
			<line number="2"  hits="1"  branch="false" />
			<line number="3"  hits="1"  branch="false" />
			<line number="4"  hits="0"  branch="false" />
			<line number="5"  hits="0"  branch="false" />
			<line number="6"  hits="0"  branch="false" />
			<line number="7"  hits="0"  branch="true"  condition-coverage="0% (0/4)" />
			<line number="8"  hits="0"  branch="false" />
			<line number="12"  hits="1"  branch="false" />
			<line number="13"  hits="0"  branch="false" />
			<line number="14"  hits="0"  branch="false" />
			<line number="15"  hits="0"  branch="false" />
			<line number="16"  hits="0"  branch="true"  condition-coverage="0% (0/2)" />
			<line number="17"  hits="0"  branch="false" />
			<line number="19"  hits="0"  branch="true"  condition-coverage="0% (0/2)" />
			<line number="23"  hits="1"  branch="false" />
			<line number="24"  hits="0"  branch="false" />
			<line number="30"  hits="1"  branch="false" />
			<line number="31"  hits="0"  branch="false" />
			<line number="37"  hits="1"  branch="false" />
			<line number="38"  hits="0"  branch="false" />
			<line number="40"  hits="1"  branch="false" />
			<line number="41"  hits="0"  branch="false" />
			<line number="42"  hits="0"  branch="false" />
			<line number="43"  hits="0"  branch="false" />
			<line number="44"  hits="0"  branch="false" />
			<line number="45"  hits="0"  branch="false" />
			<line number="46"  hits="0"  branch="false" />
			<line number="47"  hits="0"  branch="false" />
			<line number="50"  hits="1"  branch="false" />
			<line number="51"  hits="0"  branch="false" />
			<line number="52"  hits="0"  branch="true"  condition-coverage="0% (0/2)" />
			<line number="53"  hits="0"  branch="false" />
			<line number="54"  hits="0"  branch="false" />
			<line number="55"  hits="0"  branch="false" />
			<line number="56"  hits="0"  branch="true"  condition-coverage="0% (0/2)" />
			<line number="57"  hits="0"  branch="false" />
			<line number="58"  hits="0"  branch="false" />
			<line number="59"  hits="0"  branch="false" />
			<line number="63"  hits="1"  branch="false" />
			<line number="64"  hits="0"  branch="false" />
			<line number="65"  hits="0"  branch="false" />
			<line number="66"  hits="0"  branch="false" />
			<line number="67"  hits="0"  branch="false" />
			<line number="68"  hits="0"  branch="false" />
			<line number="71"  hits="1"  branch="false" />
			<line number="72"  hits="0"  branch="false" />
			<line number="73"  hits="1"  branch="false" />
			<line number="74"  hits="0"  branch="true"  condition-coverage="0% (0/2)" />
			<line number="75"  hits="0"  branch="false" />
			<line number="76"  hits="0"  branch="false" />
			<line number="78"  hits="0"  branch="false" />
			<line number="79"  hits="0"  branch="false" />
			<line number="83"  hits="0"  branch="false" />
			<line number="84"  hits="0"  branch="false" />
			<line number="85"  hits="0"  branch="false" />
			<line number="86"  hits="0"  branch="true"  condition-coverage="0% (0/2)" />
			<line number="87"  hits="0"  branch="false" />
			<line number="88"  hits="0"  branch="false" />
			<line number="89"  hits="0"  branch="false" />
			<line number="91"  hits="0"  branch="false" />
			<line number="92"  hits="0"  branch="false" />
			<line number="94"  hits="0"  branch="true"  condition-coverage="0% (0/2)" />
			<line number="95"  hits="0"  branch="false" />
			<line number="96"  hits="0"  branch="false" />
			<line number="97"  hits="0"  branch="false" />
			<line number="99"  hits="0"  branch="true"  condition-coverage="0% (0/2)" />
			<line number="100"  hits="0"  branch="false" />
			<line number="101"  hits="0"  branch="false" />
			<line number="102"  hits="0"  branch="true"  condition-coverage="0% (0/2)" />
			<line number="103"  hits="0"  branch="false" />
			<line number="105"  hits="0"  branch="false" />
			<line number="108"  hits="0"  branch="false" />
			<line number="109"  hits="0"  branch="false" />
			<line number="110"  hits="0"  branch="false" />
			<line number="111"  hits="0"  branch="false" />
			<line number="114"  hits="1"  branch="false" />
			<line number="115"  hits="0"  branch="false" />
			<line number="116"  hits="0"  branch="true"  condition-coverage="0% (0/2)" />
			<line number="117"  hits="0"  branch="false" />
			<line number="118"  hits="0"  branch="false" />
			<line number="119"  hits="0"  branch="false" />
			<line number="120"  hits="0"  branch="false" />
			<line number="121"  hits="0"  branch="false" />
			<line number="125"  hits="1"  branch="false" />
			<line number="126"  hits="0"  branch="false" />
			<line number="127"  hits="0"  branch="false" />
			<line number="128"  hits="0"  branch="false" />
			<line number="129"  hits="0"  branch="true"  condition-coverage="0% (0/2)" />
			<line number="130"  hits="0"  branch="false" />
			<line number="131"  hits="0"  branch="true"  condition-coverage="0% (0/2)" />
			<line number="132"  hits="0"  branch="false" />
			<line number="134"  hits="0"  branch="false" />
			<line number="136"  hits="0"  branch="false" />
			<line number="137"  hits="0"  branch="true"  condition-coverage="0% (0/2)" />
			<line number="138"  hits="0"  branch="false" />
			<line number="140"  hits="1"  branch="false" />
			<line number="141"  hits="0"  branch="true"  condition-coverage="0% (0/4)" />
			<line number="142"  hits="0"  branch="false" />
			<line number="143"  hits="0"  branch="false" />
			<line number="146"  hits="1"  branch="false" />
			<line number="147"  hits="0"  branch="false" />
			<line number="148"  hits="0"  branch="false" />
			<line number="149"  hits="0"  branch="false" />
			<line number="150"  hits="0"  branch="true"  condition-coverage="0% (0/2)" />
			<line number="151"  hits="0"  branch="false" />
			<line number="155"  hits="1"  branch="false" />
			<line number="156"  hits="0"  branch="false" />
			<line number="157"  hits="0"  branch="false" />
			<line number="158"  hits="0"  branch="false" />
			<line number="159"  hits="0"  branch="false" />
			<line number="160"  hits="0"  branch="false" />
			<line number="161"  hits="0"  branch="true"  condition-coverage="0% (0/2)" />
			<line number="162"  hits="0"  branch="false" />
			<line number="163"  hits="0"  branch="false" />
			<line number="166"  hits="1"  branch="false" />
			<line number="167"  hits="0"  branch="false" />
			<line number="168"  hits="0"  branch="false" />
			<line number="169"  hits="0"  branch="true"  condition-coverage="0% (0/2)" />
			<line number="170"  hits="0"  branch="false" />
			<line number="171"  hits="0"  branch="false" />
			<line number="173"  hits="0"  branch="false" />
			<line number="175"  hits="1"  branch="false" />
			<line number="176"  hits="0"  branch="false" />
			<line number="177"  hits="0"  branch="true"  condition-coverage="0% (0/2)" />
			<line number="178"  hits="0"  branch="false" />
			<line number="181"  hits="1"  branch="false" />
			<line number="182"  hits="0"  branch="false" />
			<line number="184"  hits="1"  branch="false" />
			<line number="185"  hits="0"  branch="true"  condition-coverage="0% (0/2)" />
			<line number="189"  hits="1"  branch="false" />
			<line number="190"  hits="0"  branch="false" />
			<line number="191"  hits="0"  branch="true"  condition-coverage="0% (0/4)" />
			<line number="192"  hits="0"  branch="true"  condition-coverage="0% (0/4)" />
			<line number="193"  hits="0"  branch="false" />
			<line number="195"  hits="1"  branch="false" />
			<line number="196"  hits="0"  branch="true"  condition-coverage="0% (0/2)" />
			<line number="197"  hits="0"  branch="false" />
			<line number="199"  hits="0"  branch="true"  condition-coverage="0% (0/2)" />
			<line number="200"  hits="0"  branch="false" />
			<line number="202"  hits="0"  branch="false" />
			<line number="205"  hits="1"  branch="false" />
			<line number="206"  hits="0"  branch="true"  condition-coverage="0% (0/2)" />
			<line number="207"  hits="0"  branch="false" />
			<line number="209"  hits="0"  branch="false" />
			<line number="212"  hits="1"  branch="false" />
			<line number="213"  hits="0"  branch="false" />
			<line number="218"  hits="1"  branch="false" />
			<line number="219"  hits="0"  branch="false" />
			<line number="224"  hits="1"  branch="false" />
			<line number="225"  hits="0"  branch="false" />
			<line number="226"  hits="0"  branch="false" />
			<line number="227"  hits="0"  branch="false" />
			<line number="228"  hits="0"  branch="false" />
			<line number="229"  hits="0"  branch="false" />
			<line number="230"  hits="0"  branch="false" />
			<line number="231"  hits="0"  branch="false" />
			<line number="232"  hits="0"  branch="false" />
			<line number="235"  hits="1"  branch="false" />
			<line number="236"  hits="0"  branch="false" />
			<line number="238"  hits="1"  branch="false" />
			<line number="239"  hits="0"  branch="false" />
			<line number="240"  hits="0"  branch="true"  condition-coverage="0% (0/2)" />
			<line number="241"  hits="0"  branch="true"  condition-coverage="0% (0/2)" />
			<line number="242"  hits="0"  branch="false" />
			<line number="243"  hits="0"  branch="false" />
			<line number="247"  hits="1"  branch="false" />
			<line number="248"  hits="0"  branch="false" />
			<line number="249"  hits="0"  branch="false" />
			<line number="252"  hits="0"  branch="false" />
			<line number="254"  hits="1"  branch="false" />
			<line number="255"  hits="0"  branch="true"  condition-coverage="0% (0/2)" />
			<line number="256"  hits="0"  branch="false" />
			<line number="258"  hits="0"  branch="false" />
			<line number="260"  hits="1"  branch="false" />
			<line number="261"  hits="1"  branch="false" />
			<line number="262"  hits="0"  branch="false" />
			<line number="263"  hits="0"  branch="false" />
			<line number="265"  hits="1"  branch="false" />
			<line number="266"  hits="0"  branch="false" />
			<line number="267"  hits="0"  branch="false" />
			<line number="268"  hits="0"  branch="false" />
			<line number="270"  hits="1"  branch="false" />
			<line number="271"  hits="0"  branch="false" />
			<line number="272"  hits="0"  branch="false" />
			<line number="273"  hits="0"  branch="true"  condition-coverage="0% (0/2)" />
			<line number="274"  hits="0"  branch="true"  condition-coverage="0% (0/4)" />
			<line number="275"  hits="0"  branch="false" />
			<line number="277"  hits="0"  branch="false" />
			<line number="279"  hits="0"  branch="false" />
			<line number="280"  hits="0"  branch="false" />
			<line number="283"  hits="1"  branch="false" />
			<line number="284"  hits="0"  branch="true"  condition-coverage="0% (0/4)" />
			<line number="285"  hits="0"  branch="false" />
			<line number="286"  hits="0"  branch="false" />
			<line number="289"  hits="1"  branch="false" />
			<line number="290"  hits="0"  branch="false" />
			<line number="291"  hits="0"  branch="false" />
			<line number="292"  hits="0"  branch="false" />
			<line number="296"  hits="0"  branch="false" />
			<line number="299"  hits="0"  branch="true"  condition-coverage="0% (0/2)" />
			<line number="300"  hits="0"  branch="false" />
			<line number="302"  hits="0"  branch="true"  condition-coverage="0% (0/2)" />
			<line number="303"  hits="0"  branch="false" />
			<line number="305"  hits="0"  branch="false" />
			<line number="307"  hits="1"  branch="false" />
			<line number="308"  hits="0"  branch="false" />
			<line number="309"  hits="0"  branch="false" />
			<line number="310"  hits="0"  branch="false" />
			<line number="311"  hits="0"  branch="true"  condition-coverage="0% (0/2)" />
			<line number="312"  hits="0"  branch="false" />
			<line number="313"  hits="0"  branch="false" />
			<line number="315"  hits="0"  branch="false" />
			<line number="316"  hits="0"  branch="false" />
			<line number="317"  hits="0"  branch="false" />
			<line number="318"  hits="0"  branch="false" />
			<line number="320"  hits="0"  branch="false" />
			<line number="321"  hits="0"  branch="false" />
			<line number="322"  hits="0"  branch="false" />
			<line number="323"  hits="0"  branch="false" />
			<line number="327"  hits="1"  branch="false" />
			<line number="328"  hits="1"  branch="false" />
			<line number="329"  hits="0"  branch="false" />
			<line number="340"  hits="0"  branch="false" />
			<line number="344"  hits="0"  branch="false" />
			<line number="347"  hits="0"  branch="true"  condition-coverage="0% (0/2)" />
			<line number="348"  hits="0"  branch="false" />
			<line number="350"  hits="0"  branch="false" />
			<line number="351"  hits="0"  branch="true"  condition-coverage="0% (0/2)" />
			<line number="352"  hits="0"  branch="false" />
			<line number="354"  hits="0"  branch="true"  condition-coverage="0% (0/4)" />
			<line number="355"  hits="0"  branch="false" />
			<line number="356"  hits="0"  branch="true"  condition-coverage="0% (0/2)" />
			<line number="357"  hits="0"  branch="false" />
			<line number="362"  hits="0"  branch="false" />
			<line number="364"  hits="0"  branch="false" />
			<line number="368"  hits="0"  branch="false" />
			<line number="369"  hits="0"  branch="false" />
			<line number="371"  hits="0"  branch="false" />
			<line number="372"  hits="0"  branch="false" />
			<line number="374"  hits="0"  branch="false" />
			<line number="375"  hits="0"  branch="false" />
			<line number="377"  hits="0"  branch="false" />
			<line number="378"  hits="0"  branch="false" />
			<line number="380"  hits="0"  branch="false" />
			<line number="381"  hits="0"  branch="false" />
			<line number="383"  hits="0"  branch="false" />
			<line number="384"  hits="0"  branch="false" />
			<line number="386"  hits="0"  branch="false" />
			<line number="387"  hits="0"  branch="false" />
			<line number="389"  hits="0"  branch="false" />
			<line number="390"  hits="0"  branch="false" />
			<line number="391"  hits="0"  branch="true"  condition-coverage="0% (0/2)" />
			<line number="393"  hits="0"  branch="false" />
			<line number="394"  hits="0"  branch="false" />
			<line number="395"  hits="0"  branch="true"  condition-coverage="0% (0/4)" />
			<line number="396"  hits="0"  branch="false" />
			<line number="397"  hits="0"  branch="false" />
			<line number="402"  hits="0"  branch="false" />
			<line number="403"  hits="0"  branch="false" />
			<line number="411"  hits="1"  branch="false" />
			<line number="412"  hits="0"  branch="false" />
			<line number="417"  hits="0"  branch="false" />
			<line number="418"  hits="0"  branch="false" />
			<line number="419"  hits="0"  branch="false" />
			<line number="420"  hits="0"  branch="true"  condition-coverage="0% (0/2)" />
			<line number="421"  hits="0"  branch="true"  condition-coverage="0% (0/2)" />
			<line number="423"  hits="0"  branch="false" />
			<line number="424"  hits="0"  branch="false" />
			<line number="425"  hits="0"  branch="true"  condition-coverage="0% (0/4)" />
			<line number="426"  hits="0"  branch="false" />
			<line number="432"  hits="1"  branch="false" />
			<line number="433"  hits="0"  branch="false" />
			<line number="438"  hits="0"  branch="false" />
			<line number="439"  hits="0"  branch="false" />
			<line number="440"  hits="0"  branch="false" />
			<line number="441"  hits="0"  branch="true"  condition-coverage="0% (0/2)" />
			<line number="442"  hits="0"  branch="true"  condition-coverage="0% (0/2)" />
			<line number="444"  hits="0"  branch="false" />
			<line number="445"  hits="0"  branch="false" />
			<line number="446"  hits="0"  branch="false" />
			<line number="447"  hits="0"  branch="false" />
			<line number="452"  hits="1"  branch="false" />
			<line number="453"  hits="0"  branch="false" />
			<line number="454"  hits="0"  branch="false" />
			<line number="458"  hits="0"  branch="false" />
			<line number="459"  hits="0"  branch="false" />
			<line number="460"  hits="0"  branch="false" />
			<line number="461"  hits="0"  branch="false" />
			<line number="462"  hits="0"  branch="false" />
			<line number="463"  hits="0"  branch="false" />
			<line number="464"  hits="0"  branch="false" />
			<line number="469"  hits="0"  branch="false" />
			<line number="471"  hits="0"  branch="false" />
			<line number="478"  hits="1"  branch="false" />
			<line number="479"  hits="1"  branch="false" />
			<line number="480"  hits="1"  branch="false" />
			<line number="481"  hits="1"  branch="false" />
			<line number="482"  hits="1"  branch="false" />
		</lines>
		</class>
	</classes>
	</package>
</packages>
</coverage>
