{
"/Users/kuldeepkeshwar/ui_workspace/ui-grid/app/scripts/app.js":{"path":"/Users/kuldeepkeshwar/ui_workspace/ui-grid/app/scripts/app.js","s":{"1":1,"2":1,"3":0,"4":0,"5":0,"6":0,"7":0,"8":1,"9":0,"10":0,"11":0,"12":0,"13":0,"14":0,"15":1,"16":0,"17":1,"18":0,"19":1,"20":0,"21":1,"22":0,"23":0,"24":0,"25":0,"26":0,"27":0,"28":0,"29":1,"30":0,"31":0,"32":0,"33":0,"34":0,"35":0,"36":0,"37":0,"38":0,"39":1,"40":0,"41":0,"42":0,"43":0,"44":0,"45":1,"46":0,"47":1,"48":0,"49":0,"50":0,"51":0,"52":0,"53":0,"54":0,"55":0,"56":0,"57":0,"58":0,"59":0,"60":0,"61":0,"62":0,"63":0,"64":0,"65":0,"66":0,"67":0,"68":0,"69":0,"70":0,"71":0,"72":0,"73":0,"74":0,"75":0,"76":1,"77":0,"78":0,"79":0,"80":0,"81":0,"82":0,"83":0,"84":1,"85":0,"86":0,"87":0,"88":0,"89":0,"90":0,"91":0,"92":0,"93":0,"94":0,"95":0,"96":1,"97":0,"98":0,"99":0,"100":1,"101":0,"102":0,"103":0,"104":0,"105":0,"106":1,"107":0,"108":0,"109":0,"110":0,"111":0,"112":0,"113":0,"114":0,"115":1,"116":0,"117":0,"118":0,"119":0,"120":0,"121":0,"122":1,"123":0,"124":0,"125":0,"126":1,"127":0,"128":1,"129":0,"130":1,"131":0,"132":0,"133":0,"134":0,"135":1,"136":0,"137":0,"138":0,"139":0,"140":0,"141":1,"142":0,"143":0,"144":0,"145":1,"146":0,"147":1,"148":0,"149":1,"150":0,"151":0,"152":0,"153":0,"154":0,"155":0,"156":0,"157":0,"158":1,"159":0,"160":1,"161":0,"162":0,"163":0,"164":0,"165":0,"166":1,"167":0,"168":0,"169":0,"170":1,"171":0,"172":0,"173":0,"174":1,"175":1,"176":0,"177":0,"178":1,"179":0,"180":0,"181":0,"182":1,"183":0,"184":0,"185":0,"186":0,"187":0,"188":0,"189":0,"190":0,"191":1,"192":0,"193":0,"194":0,"195":1,"196":0,"197":0,"198":0,"199":0,"200":0,"201":0,"202":0,"203":0,"204":0,"205":1,"206":0,"207":0,"208":0,"209":0,"210":0,"211":0,"212":0,"213":0,"214":0,"215":0,"216":0,"217":0,"218":0,"219":0,"220":1,"221":1,"222":0,"223":0,"224":0,"225":0,"226":0,"227":0,"228":0,"229":0,"230":0,"231":0,"232":0,"233":0,"234":0,"235":0,"236":0,"237":0,"238":0,"239":0,"240":0,"241":0,"242":0,"243":0,"244":0,"245":0,"246":0,"247":0,"248":0,"249":0,"250":0,"251":0,"252":0,"253":0,"254":0,"255":0,"256":0,"257":0,"258":0,"259":0,"260":1,"261":0,"262":0,"263":0,"264":0,"265":0,"266":0,"267":0,"268":0,"269":0,"270":0,"271":1,"272":0,"273":0,"274":0,"275":0,"276":0,"277":0,"278":0,"279":0,"280":0,"281":0,"282":1,"283":0,"284":0,"285":0,"286":0,"287":0,"288":0,"289":0,"290":0,"291":0,"292":0,"293":0,"294":1,"295":1,"296":1,"297":1,"298":1},"b":{"1":[0,0],"2":[0,0],"3":[0,0],"4":[0,0],"5":[0,0],"6":[0,0],"7":[0,0],"8":[0,0],"9":[0,0],"10":[0,0],"11":[0,0],"12":[0,0],"13":[0,0],"14":[0,0],"15":[0,0],"16":[0,0],"17":[0,0],"18":[0,0],"19":[0,0],"20":[0,0],"21":[0,0],"22":[0,0],"23":[0,0],"24":[0,0],"25":[0,0],"26":[0,0],"27":[0,0],"28":[0,0],"29":[0,0],"30":[0,0],"31":[0,0],"32":[0,0],"33":[0,0],"34":[0,0],"35":[0,0],"36":[0,0],"37":[0,0],"38":[0,0],"39":[0,0],"40":[0,0],"41":[0,0],"42":[0,0],"43":[0,0],"44":[0,0],"45":[0,0],"46":[0,0],"47":[0,0],"48":[0,0],"49":[0,0],"50":[0,0],"51":[0,0],"52":[0,0],"53":[0,0],"54":[0,0]},"f":{"1":1,"2":0,"3":0,"4":0,"5":0,"6":0,"7":0,"8":0,"9":0,"10":0,"11":0,"12":0,"13":0,"14":0,"15":0,"16":0,"17":0,"18":0,"19":0,"20":0,"21":0,"22":0,"23":0,"24":0,"25":0,"26":0,"27":0,"28":0,"29":0,"30":0,"31":0,"32":0,"33":0,"34":0,"35":0,"36":0,"37":0,"38":0,"39":0,"40":0,"41":0,"42":0,"43":0,"44":0,"45":0,"46":0,"47":0,"48":0,"49":0,"50":0,"51":0,"52":0,"53":0,"54":0,"55":0,"56":0,"57":0,"58":0,"59":0,"60":0,"61":0,"62":0,"63":0,"64":0,"65":0,"66":0,"67":0,"68":0,"69":0},"fnMap":{"1":{"name":"(anonymous_1)","line":2,"loc":{"start":{"line":2,"column":1},"end":{"line":2,"column":11}}},"2":{"name":"simpleFilterFn","line":3,"loc":{"start":{"line":3,"column":2},"end":{"line":3,"column":45}}},"3":{"name":"simpleSortFn","line":12,"loc":{"start":{"line":12,"column":2},"end":{"line":12,"column":37}}},"4":{"name":"(anonymous_4)","line":15,"loc":{"start":{"line":15,"column":22},"end":{"line":15,"column":43}}},"5":{"name":"GridFilter","line":23,"loc":{"start":{"line":23,"column":2},"end":{"line":23,"column":41}}},"6":{"name":"GridSorter","line":30,"loc":{"start":{"line":30,"column":2},"end":{"line":30,"column":39}}},"7":{"name":"isRemoteGrid","line":37,"loc":{"start":{"line":37,"column":2},"end":{"line":37,"column":30}}},"8":{"name":"Grid","line":40,"loc":{"start":{"line":40,"column":2},"end":{"line":40,"column":23}}},"9":{"name":"(anonymous_9)","line":50,"loc":{"start":{"line":50,"column":27},"end":{"line":50,"column":38}}},"10":{"name":"(anonymous_10)","line":63,"loc":{"start":{"line":63,"column":26},"end":{"line":63,"column":36}}},"11":{"name":"(anonymous_11)","line":67,"loc":{"start":{"line":67,"column":35},"end":{"line":67,"column":49}}},"12":{"name":"(anonymous_12)","line":71,"loc":{"start":{"line":71,"column":22},"end":{"line":71,"column":42}}},"13":{"name":"watcher","line":73,"loc":{"start":{"line":73,"column":4},"end":{"line":73,"column":23}}},"14":{"name":"(anonymous_14)","line":75,"loc":{"start":{"line":75,"column":21},"end":{"line":75,"column":35}}},"15":{"name":"(anonymous_15)","line":77,"loc":{"start":{"line":77,"column":10},"end":{"line":77,"column":25}}},"16":{"name":"(anonymous_16)","line":88,"loc":{"start":{"line":88,"column":19},"end":{"line":88,"column":33}}},"17":{"name":"(anonymous_17)","line":90,"loc":{"start":{"line":90,"column":8},"end":{"line":90,"column":23}}},"18":{"name":"(anonymous_18)","line":96,"loc":{"start":{"line":96,"column":34},"end":{"line":96,"column":44}}},"19":{"name":"(anonymous_19)","line":114,"loc":{"start":{"line":114,"column":27},"end":{"line":114,"column":38}}},"20":{"name":"(anonymous_20)","line":120,"loc":{"start":{"line":120,"column":25},"end":{"line":120,"column":36}}},"21":{"name":"(anonymous_21)","line":125,"loc":{"start":{"line":125,"column":28},"end":{"line":125,"column":38}}},"22":{"name":"(anonymous_22)","line":140,"loc":{"start":{"line":140,"column":25},"end":{"line":140,"column":45}}},"23":{"name":"(anonymous_23)","line":146,"loc":{"start":{"line":146,"column":35},"end":{"line":146,"column":45}}},"24":{"name":"(anonymous_24)","line":149,"loc":{"start":{"line":149,"column":33},"end":{"line":149,"column":49}}},"25":{"name":"(anonymous_25)","line":155,"loc":{"start":{"line":155,"column":28},"end":{"line":155,"column":48}}},"26":{"name":"(anonymous_26)","line":166,"loc":{"start":{"line":166,"column":29},"end":{"line":166,"column":39}}},"27":{"name":"(anonymous_27)","line":175,"loc":{"start":{"line":175,"column":30},"end":{"line":175,"column":50}}},"28":{"name":"(anonymous_28)","line":181,"loc":{"start":{"line":181,"column":32},"end":{"line":181,"column":48}}},"29":{"name":"(anonymous_29)","line":184,"loc":{"start":{"line":184,"column":27},"end":{"line":184,"column":37}}},"30":{"name":"GridPager","line":189,"loc":{"start":{"line":189,"column":2},"end":{"line":189,"column":71}}},"31":{"name":"(anonymous_31)","line":195,"loc":{"start":{"line":195,"column":47},"end":{"line":195,"column":57}}},"32":{"name":"(anonymous_32)","line":205,"loc":{"start":{"line":205,"column":46},"end":{"line":205,"column":56}}},"33":{"name":"RemoteGridFilter","line":212,"loc":{"start":{"line":212,"column":2},"end":{"line":212,"column":38}}},"34":{"name":"RemoteGridSorter","line":218,"loc":{"start":{"line":218,"column":2},"end":{"line":218,"column":38}}},"35":{"name":"RemoteGrid","line":224,"loc":{"start":{"line":224,"column":2},"end":{"line":224,"column":29}}},"36":{"name":"(anonymous_36)","line":231,"loc":{"start":{"line":231,"column":32},"end":{"line":231,"column":43}}},"37":{"name":"(anonymous_37)","line":235,"loc":{"start":{"line":235,"column":33},"end":{"line":235,"column":43}}},"38":{"name":"(anonymous_38)","line":238,"loc":{"start":{"line":238,"column":36},"end":{"line":238,"column":50}}},"39":{"name":"(anonymous_39)","line":247,"loc":{"start":{"line":247,"column":28},"end":{"line":247,"column":46}}},"40":{"name":"(anonymous_40)","line":254,"loc":{"start":{"line":254,"column":38},"end":{"line":254,"column":54}}},"41":{"name":"(anonymous_41)","line":261,"loc":{"start":{"line":261,"column":35},"end":{"line":261,"column":45}}},"42":{"name":"(anonymous_42)","line":265,"loc":{"start":{"line":265,"column":34},"end":{"line":265,"column":54}}},"43":{"name":"(anonymous_43)","line":270,"loc":{"start":{"line":270,"column":35},"end":{"line":270,"column":50}}},"44":{"name":"(anonymous_44)","line":283,"loc":{"start":{"line":283,"column":31},"end":{"line":283,"column":51}}},"45":{"name":"(anonymous_45)","line":289,"loc":{"start":{"line":289,"column":42},"end":{"line":289,"column":52}}},"46":{"name":"(anonymous_46)","line":307,"loc":{"start":{"line":307,"column":28},"end":{"line":307,"column":38}}},"47":{"name":"(anonymous_47)","line":315,"loc":{"start":{"line":315,"column":76},"end":{"line":315,"column":90}}},"48":{"name":"(anonymous_48)","line":319,"loc":{"start":{"line":319,"column":15},"end":{"line":319,"column":30}}},"49":{"name":"(anonymous_49)","line":327,"loc":{"start":{"line":327,"column":42},"end":{"line":327,"column":65}}},"50":{"name":"defaults","line":328,"loc":{"start":{"line":328,"column":4},"end":{"line":328,"column":30}}},"51":{"name":"(anonymous_51)","line":367,"loc":{"start":{"line":367,"column":38},"end":{"line":367,"column":63}}},"52":{"name":"(anonymous_52)","line":371,"loc":{"start":{"line":371,"column":23},"end":{"line":371,"column":33}}},"53":{"name":"(anonymous_53)","line":374,"loc":{"start":{"line":374,"column":24},"end":{"line":374,"column":34}}},"54":{"name":"(anonymous_54)","line":377,"loc":{"start":{"line":377,"column":28},"end":{"line":377,"column":44}}},"55":{"name":"(anonymous_55)","line":380,"loc":{"start":{"line":380,"column":26},"end":{"line":380,"column":46}}},"56":{"name":"(anonymous_56)","line":383,"loc":{"start":{"line":383,"column":18},"end":{"line":383,"column":38}}},"57":{"name":"(anonymous_57)","line":386,"loc":{"start":{"line":386,"column":26},"end":{"line":386,"column":36}}},"58":{"name":"(anonymous_58)","line":393,"loc":{"start":{"line":393,"column":17},"end":{"line":393,"column":27}}},"59":{"name":"(anonymous_59)","line":402,"loc":{"start":{"line":402,"column":35},"end":{"line":402,"column":45}}},"60":{"name":"(anonymous_60)","line":411,"loc":{"start":{"line":411,"column":28},"end":{"line":411,"column":38}}},"61":{"name":"(anonymous_61)","line":416,"loc":{"start":{"line":416,"column":11},"end":{"line":416,"column":58}}},"62":{"name":"(anonymous_62)","line":424,"loc":{"start":{"line":424,"column":36},"end":{"line":424,"column":49}}},"63":{"name":"(anonymous_63)","line":432,"loc":{"start":{"line":432,"column":26},"end":{"line":432,"column":36}}},"64":{"name":"(anonymous_64)","line":437,"loc":{"start":{"line":437,"column":11},"end":{"line":437,"column":55}}},"65":{"name":"(anonymous_65)","line":444,"loc":{"start":{"line":444,"column":28},"end":{"line":444,"column":38}}},"66":{"name":"(anonymous_66)","line":452,"loc":{"start":{"line":452,"column":28},"end":{"line":452,"column":38}}},"67":{"name":"(anonymous_67)","line":457,"loc":{"start":{"line":457,"column":15},"end":{"line":457,"column":33}}},"68":{"name":"(anonymous_68)","line":468,"loc":{"start":{"line":468,"column":14},"end":{"line":468,"column":25}}},"69":{"name":"preLink","line":470,"loc":{"start":{"line":470,"column":15},"end":{"line":470,"column":69}}}},"statementMap":{"1":{"start":{"line":2,"column":0},"end":{"line":483,"column":5}},"2":{"start":{"line":3,"column":2},"end":{"line":11,"column":3}},"3":{"start":{"line":4,"column":4},"end":{"line":4,"column":15}},"4":{"start":{"line":5,"column":4},"end":{"line":10,"column":5}},"5":{"start":{"line":6,"column":6},"end":{"line":6,"column":35}},"6":{"start":{"line":7,"column":6},"end":{"line":9,"column":7}},"7":{"start":{"line":8,"column":8},"end":{"line":8,"column":27}},"8":{"start":{"line":12,"column":2},"end":{"line":22,"column":3}},"9":{"start":{"line":13,"column":4},"end":{"line":13,"column":12}},"10":{"start":{"line":14,"column":4},"end":{"line":14,"column":19}},"11":{"start":{"line":15,"column":4},"end":{"line":21,"column":7}},"12":{"start":{"line":16,"column":6},"end":{"line":20,"column":7}},"13":{"start":{"line":17,"column":8},"end":{"line":17,"column":17}},"14":{"start":{"line":19,"column":8},"end":{"line":19,"column":70}},"15":{"start":{"line":23,"column":2},"end":{"line":29,"column":3}},"16":{"start":{"line":24,"column":4},"end":{"line":28,"column":6}},"17":{"start":{"line":30,"column":2},"end":{"line":36,"column":3}},"18":{"start":{"line":31,"column":4},"end":{"line":35,"column":6}},"19":{"start":{"line":37,"column":2},"end":{"line":39,"column":3}},"20":{"start":{"line":38,"column":4},"end":{"line":38,"column":46}},"21":{"start":{"line":40,"column":2},"end":{"line":49,"column":3}},"22":{"start":{"line":41,"column":4},"end":{"line":41,"column":20}},"23":{"start":{"line":42,"column":4},"end":{"line":42,"column":22}},"24":{"start":{"line":43,"column":4},"end":{"line":43,"column":23}},"25":{"start":{"line":44,"column":4},"end":{"line":44,"column":16}},"26":{"start":{"line":45,"column":4},"end":{"line":45,"column":17}},"27":{"start":{"line":46,"column":4},"end":{"line":46,"column":28}},"28":{"start":{"line":47,"column":4},"end":{"line":47,"column":28}},"29":{"start":{"line":50,"column":2},"end":{"line":62,"column":4}},"30":{"start":{"line":51,"column":4},"end":{"line":51,"column":11}},"31":{"start":{"line":52,"column":4},"end":{"line":61,"column":5}},"32":{"start":{"line":53,"column":6},"end":{"line":53,"column":23}},"33":{"start":{"line":54,"column":6},"end":{"line":54,"column":38}},"34":{"start":{"line":55,"column":6},"end":{"line":55,"column":31}},"35":{"start":{"line":56,"column":6},"end":{"line":60,"column":7}},"36":{"start":{"line":57,"column":8},"end":{"line":57,"column":34}},"37":{"start":{"line":58,"column":8},"end":{"line":58,"column":35}},"38":{"start":{"line":59,"column":8},"end":{"line":59,"column":25}},"39":{"start":{"line":63,"column":2},"end":{"line":70,"column":4}},"40":{"start":{"line":64,"column":4},"end":{"line":64,"column":22}},"41":{"start":{"line":65,"column":4},"end":{"line":65,"column":18}},"42":{"start":{"line":66,"column":4},"end":{"line":66,"column":49}},"43":{"start":{"line":67,"column":4},"end":{"line":69,"column":7}},"44":{"start":{"line":68,"column":6},"end":{"line":68,"column":22}},"45":{"start":{"line":71,"column":2},"end":{"line":113,"column":4}},"46":{"start":{"line":72,"column":4},"end":{"line":72,"column":33}},"47":{"start":{"line":73,"column":4},"end":{"line":82,"column":5}},"48":{"start":{"line":74,"column":6},"end":{"line":81,"column":7}},"49":{"start":{"line":75,"column":8},"end":{"line":80,"column":11}},"50":{"start":{"line":76,"column":10},"end":{"line":76,"column":31}},"51":{"start":{"line":78,"column":10},"end":{"line":78,"column":29}},"52":{"start":{"line":79,"column":10},"end":{"line":79,"column":27}},"53":{"start":{"line":83,"column":4},"end":{"line":83,"column":14}},"54":{"start":{"line":84,"column":4},"end":{"line":84,"column":32}},"55":{"start":{"line":85,"column":4},"end":{"line":85,"column":36}},"56":{"start":{"line":86,"column":4},"end":{"line":106,"column":5}},"57":{"start":{"line":87,"column":6},"end":{"line":87,"column":27}},"58":{"start":{"line":88,"column":6},"end":{"line":93,"column":9}},"59":{"start":{"line":89,"column":8},"end":{"line":89,"column":29}},"60":{"start":{"line":91,"column":8},"end":{"line":91,"column":27}},"61":{"start":{"line":92,"column":8},"end":{"line":92,"column":25}},"62":{"start":{"line":94,"column":10},"end":{"line":106,"column":5}},"63":{"start":{"line":95,"column":6},"end":{"line":95,"column":29}},"64":{"start":{"line":96,"column":6},"end":{"line":98,"column":17}},"65":{"start":{"line":97,"column":8},"end":{"line":97,"column":22}},"66":{"start":{"line":99,"column":10},"end":{"line":106,"column":5}},"67":{"start":{"line":100,"column":6},"end":{"line":100,"column":27}},"68":{"start":{"line":101,"column":6},"end":{"line":101,"column":57}},"69":{"start":{"line":102,"column":10},"end":{"line":106,"column":5}},"70":{"start":{"line":103,"column":6},"end":{"line":103,"column":37}},"71":{"start":{"line":105,"column":6},"end":{"line":105,"column":30}},"72":{"start":{"line":108,"column":4},"end":{"line":108,"column":71}},"73":{"start":{"line":109,"column":4},"end":{"line":109,"column":20}},"74":{"start":{"line":110,"column":4},"end":{"line":110,"column":70}},"75":{"start":{"line":111,"column":4},"end":{"line":111,"column":27}},"76":{"start":{"line":114,"column":2},"end":{"line":124,"column":4}},"77":{"start":{"line":115,"column":4},"end":{"line":115,"column":18}},"78":{"start":{"line":116,"column":4},"end":{"line":123,"column":5}},"79":{"start":{"line":117,"column":6},"end":{"line":117,"column":123}},"80":{"start":{"line":118,"column":6},"end":{"line":118,"column":42}},"81":{"start":{"line":119,"column":6},"end":{"line":119,"column":24}},"82":{"start":{"line":120,"column":6},"end":{"line":122,"column":8}},"83":{"start":{"line":121,"column":8},"end":{"line":121,"column":24}},"84":{"start":{"line":125,"column":2},"end":{"line":139,"column":4}},"85":{"start":{"line":126,"column":4},"end":{"line":126,"column":31}},"86":{"start":{"line":127,"column":4},"end":{"line":127,"column":23}},"87":{"start":{"line":128,"column":4},"end":{"line":128,"column":60}},"88":{"start":{"line":129,"column":4},"end":{"line":129,"column":46}},"89":{"start":{"line":130,"column":4},"end":{"line":135,"column":5}},"90":{"start":{"line":131,"column":6},"end":{"line":133,"column":7}},"91":{"start":{"line":132,"column":8},"end":{"line":132,"column":46}},"92":{"start":{"line":134,"column":6},"end":{"line":134,"column":20}},"93":{"start":{"line":136,"column":4},"end":{"line":136,"column":59}},"94":{"start":{"line":137,"column":4},"end":{"line":137,"column":60}},"95":{"start":{"line":138,"column":4},"end":{"line":138,"column":48}},"96":{"start":{"line":140,"column":2},"end":{"line":145,"column":4}},"97":{"start":{"line":141,"column":4},"end":{"line":144,"column":5}},"98":{"start":{"line":142,"column":6},"end":{"line":142,"column":40}},"99":{"start":{"line":143,"column":6},"end":{"line":143,"column":24}},"100":{"start":{"line":146,"column":2},"end":{"line":154,"column":4}},"101":{"start":{"line":147,"column":4},"end":{"line":147,"column":18}},"102":{"start":{"line":148,"column":4},"end":{"line":148,"column":20}},"103":{"start":{"line":149,"column":4},"end":{"line":153,"column":7}},"104":{"start":{"line":150,"column":6},"end":{"line":152,"column":7}},"105":{"start":{"line":151,"column":8},"end":{"line":151,"column":54}},"106":{"start":{"line":155,"column":2},"end":{"line":165,"column":4}},"107":{"start":{"line":156,"column":4},"end":{"line":156,"column":11}},"108":{"start":{"line":157,"column":4},"end":{"line":157,"column":43}},"109":{"start":{"line":158,"column":4},"end":{"line":158,"column":23}},"110":{"start":{"line":159,"column":4},"end":{"line":159,"column":22}},"111":{"start":{"line":160,"column":4},"end":{"line":160,"column":23}},"112":{"start":{"line":161,"column":4},"end":{"line":164,"column":5}},"113":{"start":{"line":162,"column":6},"end":{"line":162,"column":31}},"114":{"start":{"line":163,"column":6},"end":{"line":163,"column":24}},"115":{"start":{"line":166,"column":2},"end":{"line":174,"column":4}},"116":{"start":{"line":167,"column":4},"end":{"line":167,"column":71}},"117":{"start":{"line":168,"column":4},"end":{"line":168,"column":29}},"118":{"start":{"line":169,"column":4},"end":{"line":172,"column":5}},"119":{"start":{"line":170,"column":6},"end":{"line":170,"column":31}},"120":{"start":{"line":171,"column":6},"end":{"line":171,"column":24}},"121":{"start":{"line":173,"column":4},"end":{"line":173,"column":70}},"122":{"start":{"line":175,"column":2},"end":{"line":180,"column":4}},"123":{"start":{"line":176,"column":4},"end":{"line":176,"column":35}},"124":{"start":{"line":177,"column":4},"end":{"line":179,"column":5}},"125":{"start":{"line":178,"column":6},"end":{"line":178,"column":39}},"126":{"start":{"line":181,"column":2},"end":{"line":183,"column":4}},"127":{"start":{"line":182,"column":4},"end":{"line":182,"column":36}},"128":{"start":{"line":184,"column":2},"end":{"line":186,"column":4}},"129":{"start":{"line":185,"column":4},"end":{"line":185,"column":43}},"130":{"start":{"line":189,"column":2},"end":{"line":194,"column":3}},"131":{"start":{"line":190,"column":4},"end":{"line":190,"column":21}},"132":{"start":{"line":191,"column":4},"end":{"line":191,"column":66}},"133":{"start":{"line":192,"column":4},"end":{"line":192,"column":78}},"134":{"start":{"line":193,"column":4},"end":{"line":193,"column":43}},"135":{"start":{"line":195,"column":2},"end":{"line":204,"column":4}},"136":{"start":{"line":196,"column":4},"end":{"line":198,"column":5}},"137":{"start":{"line":197,"column":6},"end":{"line":197,"column":15}},"138":{"start":{"line":199,"column":4},"end":{"line":203,"column":5}},"139":{"start":{"line":200,"column":6},"end":{"line":200,"column":15}},"140":{"start":{"line":202,"column":6},"end":{"line":202,"column":47}},"141":{"start":{"line":205,"column":2},"end":{"line":211,"column":4}},"142":{"start":{"line":206,"column":4},"end":{"line":210,"column":5}},"143":{"start":{"line":207,"column":6},"end":{"line":207,"column":41}},"144":{"start":{"line":209,"column":6},"end":{"line":209,"column":35}},"145":{"start":{"line":212,"column":2},"end":{"line":217,"column":3}},"146":{"start":{"line":213,"column":4},"end":{"line":216,"column":6}},"147":{"start":{"line":218,"column":2},"end":{"line":223,"column":3}},"148":{"start":{"line":219,"column":4},"end":{"line":222,"column":6}},"149":{"start":{"line":224,"column":2},"end":{"line":234,"column":3}},"150":{"start":{"line":225,"column":4},"end":{"line":225,"column":18}},"151":{"start":{"line":226,"column":4},"end":{"line":226,"column":32}},"152":{"start":{"line":227,"column":4},"end":{"line":227,"column":30}},"153":{"start":{"line":228,"column":4},"end":{"line":228,"column":22}},"154":{"start":{"line":229,"column":4},"end":{"line":229,"column":28}},"155":{"start":{"line":230,"column":4},"end":{"line":230,"column":28}},"156":{"start":{"line":231,"column":4},"end":{"line":233,"column":6}},"157":{"start":{"line":232,"column":6},"end":{"line":232,"column":22}},"158":{"start":{"line":235,"column":2},"end":{"line":237,"column":4}},"159":{"start":{"line":236,"column":4},"end":{"line":236,"column":26}},"160":{"start":{"line":238,"column":2},"end":{"line":246,"column":4}},"161":{"start":{"line":239,"column":4},"end":{"line":239,"column":28}},"162":{"start":{"line":240,"column":4},"end":{"line":245,"column":5}},"163":{"start":{"line":241,"column":6},"end":{"line":241,"column":72}},"164":{"start":{"line":242,"column":6},"end":{"line":244,"column":7}},"165":{"start":{"line":243,"column":8},"end":{"line":243,"column":37}},"166":{"start":{"line":247,"column":2},"end":{"line":253,"column":4}},"167":{"start":{"line":248,"column":4},"end":{"line":248,"column":47}},"168":{"start":{"line":249,"column":4},"end":{"line":251,"column":6}},"169":{"start":{"line":252,"column":4},"end":{"line":252,"column":16}},"170":{"start":{"line":254,"column":2},"end":{"line":259,"column":4}},"171":{"start":{"line":255,"column":4},"end":{"line":257,"column":5}},"172":{"start":{"line":256,"column":6},"end":{"line":256,"column":22}},"173":{"start":{"line":258,"column":4},"end":{"line":258,"column":36}},"174":{"start":{"line":260,"column":2},"end":{"line":260,"column":64}},"175":{"start":{"line":261,"column":2},"end":{"line":264,"column":4}},"176":{"start":{"line":262,"column":4},"end":{"line":262,"column":29}},"177":{"start":{"line":263,"column":4},"end":{"line":263,"column":16}},"178":{"start":{"line":265,"column":2},"end":{"line":269,"column":4}},"179":{"start":{"line":266,"column":4},"end":{"line":266,"column":70}},"180":{"start":{"line":267,"column":4},"end":{"line":267,"column":29}},"181":{"start":{"line":268,"column":4},"end":{"line":268,"column":16}},"182":{"start":{"line":270,"column":2},"end":{"line":281,"column":4}},"183":{"start":{"line":271,"column":4},"end":{"line":271,"column":18}},"184":{"start":{"line":272,"column":4},"end":{"line":272,"column":40}},"185":{"start":{"line":273,"column":4},"end":{"line":278,"column":5}},"186":{"start":{"line":274,"column":6},"end":{"line":274,"column":116}},"187":{"start":{"line":275,"column":6},"end":{"line":275,"column":94}},"188":{"start":{"line":277,"column":6},"end":{"line":277,"column":36}},"189":{"start":{"line":279,"column":4},"end":{"line":279,"column":36}},"190":{"start":{"line":280,"column":4},"end":{"line":280,"column":22}},"191":{"start":{"line":283,"column":2},"end":{"line":288,"column":4}},"192":{"start":{"line":284,"column":4},"end":{"line":287,"column":5}},"193":{"start":{"line":285,"column":6},"end":{"line":285,"column":40}},"194":{"start":{"line":286,"column":6},"end":{"line":286,"column":18}},"195":{"start":{"line":289,"column":2},"end":{"line":306,"column":4}},"196":{"start":{"line":290,"column":4},"end":{"line":290,"column":27}},"197":{"start":{"line":291,"column":4},"end":{"line":291,"column":14}},"198":{"start":{"line":292,"column":4},"end":{"line":295,"column":6}},"199":{"start":{"line":296,"column":4},"end":{"line":298,"column":6}},"200":{"start":{"line":299,"column":4},"end":{"line":301,"column":5}},"201":{"start":{"line":300,"column":6},"end":{"line":300,"column":32}},"202":{"start":{"line":302,"column":4},"end":{"line":304,"column":5}},"203":{"start":{"line":303,"column":6},"end":{"line":303,"column":36}},"204":{"start":{"line":305,"column":4},"end":{"line":305,"column":18}},"205":{"start":{"line":307,"column":2},"end":{"line":326,"column":4}},"206":{"start":{"line":308,"column":4},"end":{"line":308,"column":41}},"207":{"start":{"line":309,"column":4},"end":{"line":309,"column":19}},"208":{"start":{"line":310,"column":4},"end":{"line":310,"column":74}},"209":{"start":{"line":311,"column":4},"end":{"line":325,"column":5}},"210":{"start":{"line":312,"column":6},"end":{"line":312,"column":45}},"211":{"start":{"line":313,"column":6},"end":{"line":313,"column":75}},"212":{"start":{"line":315,"column":6},"end":{"line":324,"column":9}},"213":{"start":{"line":316,"column":8},"end":{"line":316,"column":38}},"214":{"start":{"line":317,"column":8},"end":{"line":317,"column":38}},"215":{"start":{"line":318,"column":8},"end":{"line":318,"column":77}},"216":{"start":{"line":320,"column":8},"end":{"line":320,"column":46}},"217":{"start":{"line":321,"column":8},"end":{"line":321,"column":31}},"218":{"start":{"line":322,"column":8},"end":{"line":322,"column":28}},"219":{"start":{"line":323,"column":8},"end":{"line":323,"column":77}},"220":{"start":{"line":327,"column":2},"end":{"line":410,"column":5}},"221":{"start":{"line":328,"column":4},"end":{"line":363,"column":5}},"222":{"start":{"line":329,"column":6},"end":{"line":339,"column":8}},"223":{"start":{"line":340,"column":6},"end":{"line":343,"column":8}},"224":{"start":{"line":344,"column":6},"end":{"line":346,"column":8}},"225":{"start":{"line":347,"column":6},"end":{"line":349,"column":7}},"226":{"start":{"line":348,"column":8},"end":{"line":348,"column":80}},"227":{"start":{"line":350,"column":6},"end":{"line":350,"column":48}},"228":{"start":{"line":351,"column":6},"end":{"line":353,"column":7}},"229":{"start":{"line":352,"column":8},"end":{"line":352,"column":59}},"230":{"start":{"line":354,"column":6},"end":{"line":360,"column":7}},"231":{"start":{"line":355,"column":8},"end":{"line":359,"column":9}},"232":{"start":{"line":356,"column":10},"end":{"line":358,"column":11}},"233":{"start":{"line":357,"column":12},"end":{"line":357,"column":74}},"234":{"start":{"line":362,"column":6},"end":{"line":362,"column":21}},"235":{"start":{"line":364,"column":4},"end":{"line":409,"column":6}},"236":{"start":{"line":368,"column":8},"end":{"line":368,"column":22}},"237":{"start":{"line":369,"column":8},"end":{"line":369,"column":18}},"238":{"start":{"line":371,"column":8},"end":{"line":373,"column":10}},"239":{"start":{"line":372,"column":10},"end":{"line":372,"column":34}},"240":{"start":{"line":374,"column":8},"end":{"line":376,"column":10}},"241":{"start":{"line":375,"column":10},"end":{"line":375,"column":32}},"242":{"start":{"line":377,"column":8},"end":{"line":379,"column":10}},"243":{"start":{"line":378,"column":10},"end":{"line":378,"column":38}},"244":{"start":{"line":380,"column":8},"end":{"line":382,"column":10}},"245":{"start":{"line":381,"column":10},"end":{"line":381,"column":40}},"246":{"start":{"line":383,"column":8},"end":{"line":385,"column":10}},"247":{"start":{"line":384,"column":10},"end":{"line":384,"column":38}},"248":{"start":{"line":386,"column":8},"end":{"line":388,"column":10}},"249":{"start":{"line":387,"column":10},"end":{"line":387,"column":38}},"250":{"start":{"line":389,"column":8},"end":{"line":389,"column":48}},"251":{"start":{"line":390,"column":8},"end":{"line":390,"column":36}},"252":{"start":{"line":391,"column":8},"end":{"line":391,"column":96}},"253":{"start":{"line":393,"column":8},"end":{"line":400,"column":11}},"254":{"start":{"line":394,"column":10},"end":{"line":394,"column":35}},"255":{"start":{"line":395,"column":10},"end":{"line":399,"column":11}},"256":{"start":{"line":396,"column":12},"end":{"line":398,"column":13}},"257":{"start":{"line":397,"column":14},"end":{"line":397,"column":61}},"258":{"start":{"line":402,"column":8},"end":{"line":404,"column":10}},"259":{"start":{"line":403,"column":10},"end":{"line":403,"column":29}},"260":{"start":{"line":411,"column":2},"end":{"line":431,"column":5}},"261":{"start":{"line":412,"column":4},"end":{"line":430,"column":6}},"262":{"start":{"line":417,"column":8},"end":{"line":417,"column":35}},"263":{"start":{"line":418,"column":8},"end":{"line":418,"column":32}},"264":{"start":{"line":419,"column":8},"end":{"line":419,"column":55}},"265":{"start":{"line":420,"column":8},"end":{"line":422,"column":9}},"266":{"start":{"line":421,"column":10},"end":{"line":421,"column":149}},"267":{"start":{"line":423,"column":8},"end":{"line":423,"column":47}},"268":{"start":{"line":424,"column":8},"end":{"line":428,"column":11}},"269":{"start":{"line":425,"column":10},"end":{"line":427,"column":11}},"270":{"start":{"line":426,"column":12},"end":{"line":426,"column":81}},"271":{"start":{"line":432,"column":2},"end":{"line":451,"column":5}},"272":{"start":{"line":433,"column":4},"end":{"line":450,"column":6}},"273":{"start":{"line":438,"column":8},"end":{"line":438,"column":31}},"274":{"start":{"line":439,"column":8},"end":{"line":439,"column":51}},"275":{"start":{"line":440,"column":8},"end":{"line":440,"column":17}},"276":{"start":{"line":441,"column":8},"end":{"line":443,"column":9}},"277":{"start":{"line":442,"column":10},"end":{"line":442,"column":149}},"278":{"start":{"line":444,"column":8},"end":{"line":448,"column":11}},"279":{"start":{"line":445,"column":10},"end":{"line":445,"column":49}},"280":{"start":{"line":446,"column":10},"end":{"line":446,"column":37}},"281":{"start":{"line":447,"column":10},"end":{"line":447,"column":25}},"282":{"start":{"line":452,"column":2},"end":{"line":477,"column":5}},"283":{"start":{"line":453,"column":4},"end":{"line":453,"column":38}},"284":{"start":{"line":454,"column":4},"end":{"line":476,"column":6}},"285":{"start":{"line":458,"column":8},"end":{"line":458,"column":32}},"286":{"start":{"line":459,"column":8},"end":{"line":459,"column":40}},"287":{"start":{"line":460,"column":8},"end":{"line":460,"column":29}},"288":{"start":{"line":461,"column":8},"end":{"line":461,"column":34}},"289":{"start":{"line":462,"column":8},"end":{"line":462,"column":25}},"290":{"start":{"line":463,"column":8},"end":{"line":463,"column":57}},"291":{"start":{"line":464,"column":8},"end":{"line":464,"column":31}},"292":{"start":{"line":469,"column":8},"end":{"line":474,"column":10}},"293":{"start":{"line":471,"column":12},"end":{"line":471,"column":58}},"294":{"start":{"line":478,"column":2},"end":{"line":478,"column":31}},"295":{"start":{"line":479,"column":2},"end":{"line":479,"column":63}},"296":{"start":{"line":480,"column":2},"end":{"line":480,"column":75}},"297":{"start":{"line":481,"column":2},"end":{"line":481,"column":75}},"298":{"start":{"line":482,"column":2},"end":{"line":482,"column":71}}},"branchMap":{"1":{"line":7,"type":"if","locations":[{"start":{"line":7,"column":6},"end":{"line":7,"column":6}},{"start":{"line":7,"column":6},"end":{"line":7,"column":6}}]},"2":{"line":7,"type":"binary-expr","locations":[{"start":{"line":7,"column":9},"end":{"line":7,"column":14}},{"start":{"line":7,"column":18},"end":{"line":7,"column":42}}]},"3":{"line":16,"type":"if","locations":[{"start":{"line":16,"column":6},"end":{"line":16,"column":6}},{"start":{"line":16,"column":6},"end":{"line":16,"column":6}}]},"4":{"line":19,"type":"cond-expr","locations":[{"start":{"line":19,"column":39},"end":{"line":19,"column":54}},{"start":{"line":19,"column":55},"end":{"line":19,"column":69}}]},"5":{"line":52,"type":"if","locations":[{"start":{"line":52,"column":4},"end":{"line":52,"column":4}},{"start":{"line":52,"column":4},"end":{"line":52,"column":4}}]},"6":{"line":56,"type":"if","locations":[{"start":{"line":56,"column":6},"end":{"line":56,"column":6}},{"start":{"line":56,"column":6},"end":{"line":56,"column":6}}]},"7":{"line":74,"type":"if","locations":[{"start":{"line":74,"column":6},"end":{"line":74,"column":6}},{"start":{"line":74,"column":6},"end":{"line":74,"column":6}}]},"8":{"line":86,"type":"if","locations":[{"start":{"line":86,"column":4},"end":{"line":86,"column":4}},{"start":{"line":86,"column":4},"end":{"line":86,"column":4}}]},"9":{"line":94,"type":"if","locations":[{"start":{"line":94,"column":10},"end":{"line":94,"column":10}},{"start":{"line":94,"column":10},"end":{"line":94,"column":10}}]},"10":{"line":99,"type":"if","locations":[{"start":{"line":99,"column":10},"end":{"line":99,"column":10}},{"start":{"line":99,"column":10},"end":{"line":99,"column":10}}]},"11":{"line":102,"type":"if","locations":[{"start":{"line":102,"column":10},"end":{"line":102,"column":10}},{"start":{"line":102,"column":10},"end":{"line":102,"column":10}}]},"12":{"line":116,"type":"if","locations":[{"start":{"line":116,"column":4},"end":{"line":116,"column":4}},{"start":{"line":116,"column":4},"end":{"line":116,"column":4}}]},"13":{"line":129,"type":"cond-expr","locations":[{"start":{"line":129,"column":32},"end":{"line":129,"column":33}},{"start":{"line":129,"column":34},"end":{"line":129,"column":45}}]},"14":{"line":131,"type":"if","locations":[{"start":{"line":131,"column":6},"end":{"line":131,"column":6}},{"start":{"line":131,"column":6},"end":{"line":131,"column":6}}]},"15":{"line":137,"type":"cond-expr","locations":[{"start":{"line":137,"column":47},"end":{"line":137,"column":48}},{"start":{"line":137,"column":49},"end":{"line":137,"column":59}}]},"16":{"line":141,"type":"if","locations":[{"start":{"line":141,"column":4},"end":{"line":141,"column":4}},{"start":{"line":141,"column":4},"end":{"line":141,"column":4}}]},"17":{"line":141,"type":"binary-expr","locations":[{"start":{"line":141,"column":7},"end":{"line":141,"column":19}},{"start":{"line":141,"column":23},"end":{"line":141,"column":60}}]},"18":{"line":150,"type":"if","locations":[{"start":{"line":150,"column":6},"end":{"line":150,"column":6}},{"start":{"line":150,"column":6},"end":{"line":150,"column":6}}]},"19":{"line":161,"type":"if","locations":[{"start":{"line":161,"column":4},"end":{"line":161,"column":4}},{"start":{"line":161,"column":4},"end":{"line":161,"column":4}}]},"20":{"line":169,"type":"if","locations":[{"start":{"line":169,"column":4},"end":{"line":169,"column":4}},{"start":{"line":169,"column":4},"end":{"line":169,"column":4}}]},"21":{"line":177,"type":"if","locations":[{"start":{"line":177,"column":4},"end":{"line":177,"column":4}},{"start":{"line":177,"column":4},"end":{"line":177,"column":4}}]},"22":{"line":185,"type":"cond-expr","locations":[{"start":{"line":185,"column":24},"end":{"line":185,"column":33}},{"start":{"line":185,"column":34},"end":{"line":185,"column":42}}]},"23":{"line":191,"type":"cond-expr","locations":[{"start":{"line":191,"column":52},"end":{"line":191,"column":63}},{"start":{"line":191,"column":64},"end":{"line":191,"column":65}}]},"24":{"line":191,"type":"binary-expr","locations":[{"start":{"line":191,"column":22},"end":{"line":191,"column":33}},{"start":{"line":191,"column":37},"end":{"line":191,"column":50}}]},"25":{"line":192,"type":"cond-expr","locations":[{"start":{"line":192,"column":61},"end":{"line":192,"column":75}},{"start":{"line":192,"column":76},"end":{"line":192,"column":77}}]},"26":{"line":192,"type":"binary-expr","locations":[{"start":{"line":192,"column":25},"end":{"line":192,"column":39}},{"start":{"line":192,"column":43},"end":{"line":192,"column":59}}]},"27":{"line":196,"type":"if","locations":[{"start":{"line":196,"column":4},"end":{"line":196,"column":4}},{"start":{"line":196,"column":4},"end":{"line":196,"column":4}}]},"28":{"line":199,"type":"if","locations":[{"start":{"line":199,"column":4},"end":{"line":199,"column":4}},{"start":{"line":199,"column":4},"end":{"line":199,"column":4}}]},"29":{"line":206,"type":"if","locations":[{"start":{"line":206,"column":4},"end":{"line":206,"column":4}},{"start":{"line":206,"column":4},"end":{"line":206,"column":4}}]},"30":{"line":240,"type":"if","locations":[{"start":{"line":240,"column":4},"end":{"line":240,"column":4}},{"start":{"line":240,"column":4},"end":{"line":240,"column":4}}]},"31":{"line":241,"type":"cond-expr","locations":[{"start":{"line":241,"column":43},"end":{"line":241,"column":59}},{"start":{"line":241,"column":60},"end":{"line":241,"column":71}}]},"32":{"line":255,"type":"if","locations":[{"start":{"line":255,"column":4},"end":{"line":255,"column":4}},{"start":{"line":255,"column":4},"end":{"line":255,"column":4}}]},"33":{"line":273,"type":"if","locations":[{"start":{"line":273,"column":4},"end":{"line":273,"column":4}},{"start":{"line":273,"column":4},"end":{"line":273,"column":4}}]},"34":{"line":274,"type":"cond-expr","locations":[{"start":{"line":274,"column":67},"end":{"line":274,"column":68}},{"start":{"line":274,"column":69},"end":{"line":274,"column":115}}]},"35":{"line":274,"type":"binary-expr","locations":[{"start":{"line":274,"column":22},"end":{"line":274,"column":37}},{"start":{"line":274,"column":39},"end":{"line":274,"column":65}}]},"36":{"line":284,"type":"if","locations":[{"start":{"line":284,"column":4},"end":{"line":284,"column":4}},{"start":{"line":284,"column":4},"end":{"line":284,"column":4}}]},"37":{"line":284,"type":"binary-expr","locations":[{"start":{"line":284,"column":7},"end":{"line":284,"column":19}},{"start":{"line":284,"column":23},"end":{"line":284,"column":60}}]},"38":{"line":299,"type":"if","locations":[{"start":{"line":299,"column":4},"end":{"line":299,"column":4}},{"start":{"line":299,"column":4},"end":{"line":299,"column":4}}]},"39":{"line":302,"type":"if","locations":[{"start":{"line":302,"column":4},"end":{"line":302,"column":4}},{"start":{"line":302,"column":4},"end":{"line":302,"column":4}}]},"40":{"line":311,"type":"if","locations":[{"start":{"line":311,"column":4},"end":{"line":311,"column":4}},{"start":{"line":311,"column":4},"end":{"line":311,"column":4}}]},"41":{"line":347,"type":"if","locations":[{"start":{"line":347,"column":6},"end":{"line":347,"column":6}},{"start":{"line":347,"column":6},"end":{"line":347,"column":6}}]},"42":{"line":351,"type":"if","locations":[{"start":{"line":351,"column":6},"end":{"line":351,"column":6}},{"start":{"line":351,"column":6},"end":{"line":351,"column":6}}]},"43":{"line":354,"type":"if","locations":[{"start":{"line":354,"column":6},"end":{"line":354,"column":6}},{"start":{"line":354,"column":6},"end":{"line":354,"column":6}}]},"44":{"line":354,"type":"binary-expr","locations":[{"start":{"line":354,"column":9},"end":{"line":354,"column":24}},{"start":{"line":354,"column":28},"end":{"line":354,"column":52}}]},"45":{"line":356,"type":"if","locations":[{"start":{"line":356,"column":10},"end":{"line":356,"column":10}},{"start":{"line":356,"column":10},"end":{"line":356,"column":10}}]},"46":{"line":391,"type":"cond-expr","locations":[{"start":{"line":391,"column":37},"end":{"line":391,"column":67}},{"start":{"line":391,"column":70},"end":{"line":391,"column":94}}]},"47":{"line":395,"type":"if","locations":[{"start":{"line":395,"column":10},"end":{"line":395,"column":10}},{"start":{"line":395,"column":10},"end":{"line":395,"column":10}}]},"48":{"line":395,"type":"binary-expr","locations":[{"start":{"line":395,"column":13},"end":{"line":395,"column":35}},{"start":{"line":395,"column":39},"end":{"line":395,"column":70}}]},"49":{"line":420,"type":"if","locations":[{"start":{"line":420,"column":8},"end":{"line":420,"column":8}},{"start":{"line":420,"column":8},"end":{"line":420,"column":8}}]},"50":{"line":421,"type":"cond-expr","locations":[{"start":{"line":421,"column":50},"end":{"line":421,"column":94}},{"start":{"line":421,"column":95},"end":{"line":421,"column":148}}]},"51":{"line":425,"type":"if","locations":[{"start":{"line":425,"column":10},"end":{"line":425,"column":10}},{"start":{"line":425,"column":10},"end":{"line":425,"column":10}}]},"52":{"line":425,"type":"binary-expr","locations":[{"start":{"line":425,"column":13},"end":{"line":425,"column":33}},{"start":{"line":425,"column":37},"end":{"line":425,"column":42}}]},"53":{"line":441,"type":"if","locations":[{"start":{"line":441,"column":8},"end":{"line":441,"column":8}},{"start":{"line":441,"column":8},"end":{"line":441,"column":8}}]},"54":{"line":442,"type":"cond-expr","locations":[{"start":{"line":442,"column":48},"end":{"line":442,"column":94}},{"start":{"line":442,"column":95},"end":{"line":442,"column":148}}]}},"l":{"2":1,"3":1,"4":0,"5":0,"6":0,"7":0,"8":0,"12":1,"13":0,"14":0,"15":0,"16":0,"17":0,"19":0,"23":1,"24":0,"30":1,"31":0,"37":1,"38":0,"40":1,"41":0,"42":0,"43":0,"44":0,"45":0,"46":0,"47":0,"50":1,"51":0,"52":0,"53":0,"54":0,"55":0,"56":0,"57":0,"58":0,"59":0,"63":1,"64":0,"65":0,"66":0,"67":0,"68":0,"71":1,"72":0,"73":1,"74":0,"75":0,"76":0,"78":0,"79":0,"83":0,"84":0,"85":0,"86":0,"87":0,"88":0,"89":0,"91":0,"92":0,"94":0,"95":0,"96":0,"97":0,"99":0,"100":0,"101":0,"102":0,"103":0,"105":0,"108":0,"109":0,"110":0,"111":0,"114":1,"115":0,"116":0,"117":0,"118":0,"119":0,"120":0,"121":0,"125":1,"126":0,"127":0,"128":0,"129":0,"130":0,"131":0,"132":0,"134":0,"136":0,"137":0,"138":0,"140":1,"141":0,"142":0,"143":0,"146":1,"147":0,"148":0,"149":0,"150":0,"151":0,"155":1,"156":0,"157":0,"158":0,"159":0,"160":0,"161":0,"162":0,"163":0,"166":1,"167":0,"168":0,"169":0,"170":0,"171":0,"173":0,"175":1,"176":0,"177":0,"178":0,"181":1,"182":0,"184":1,"185":0,"189":1,"190":0,"191":0,"192":0,"193":0,"195":1,"196":0,"197":0,"199":0,"200":0,"202":0,"205":1,"206":0,"207":0,"209":0,"212":1,"213":0,"218":1,"219":0,"224":1,"225":0,"226":0,"227":0,"228":0,"229":0,"230":0,"231":0,"232":0,"235":1,"236":0,"238":1,"239":0,"240":0,"241":0,"242":0,"243":0,"247":1,"248":0,"249":0,"252":0,"254":1,"255":0,"256":0,"258":0,"260":1,"261":1,"262":0,"263":0,"265":1,"266":0,"267":0,"268":0,"270":1,"271":0,"272":0,"273":0,"274":0,"275":0,"277":0,"279":0,"280":0,"283":1,"284":0,"285":0,"286":0,"289":1,"290":0,"291":0,"292":0,"296":0,"299":0,"300":0,"302":0,"303":0,"305":0,"307":1,"308":0,"309":0,"310":0,"311":0,"312":0,"313":0,"315":0,"316":0,"317":0,"318":0,"320":0,"321":0,"322":0,"323":0,"327":1,"328":1,"329":0,"340":0,"344":0,"347":0,"348":0,"350":0,"351":0,"352":0,"354":0,"355":0,"356":0,"357":0,"362":0,"364":0,"368":0,"369":0,"371":0,"372":0,"374":0,"375":0,"377":0,"378":0,"380":0,"381":0,"383":0,"384":0,"386":0,"387":0,"389":0,"390":0,"391":0,"393":0,"394":0,"395":0,"396":0,"397":0,"402":0,"403":0,"411":1,"412":0,"417":0,"418":0,"419":0,"420":0,"421":0,"423":0,"424":0,"425":0,"426":0,"432":1,"433":0,"438":0,"439":0,"440":0,"441":0,"442":0,"444":0,"445":0,"446":0,"447":0,"452":1,"453":0,"454":0,"458":0,"459":0,"460":0,"461":0,"462":0,"463":0,"464":0,"469":0,"471":0,"478":1,"479":1,"480":1,"481":1,"482":1}}}
